{"/home/vadislav/Рабочий стол/VUE/test-todo/store/todo.ts": {"path":"/home/vadislav/Рабочий стол/VUE/test-todo/store/todo.ts","all":false,"statementMap":{"0":{"start":{"line":1,"column":0},"end":{"line":1,"column":36}},"1":{"start":{"line":2,"column":0},"end":{"line":2,"column":77}},"2":{"start":{"line":3,"column":0},"end":{"line":3,"column":34}},"3":{"start":{"line":4,"column":0},"end":{"line":4,"column":0}},"4":{"start":{"line":5,"column":0},"end":{"line":5,"column":54}},"5":{"start":{"line":6,"column":0},"end":{"line":6,"column":29}},"6":{"start":{"line":7,"column":0},"end":{"line":7,"column":14}},"7":{"start":{"line":8,"column":0},"end":{"line":8,"column":5}},"8":{"start":{"line":9,"column":0},"end":{"line":9,"column":0}},"9":{"start":{"line":10,"column":0},"end":{"line":10,"column":12}},"10":{"start":{"line":11,"column":0},"end":{"line":11,"column":53}},"11":{"start":{"line":12,"column":0},"end":{"line":12,"column":58}},"12":{"start":{"line":13,"column":0},"end":{"line":13,"column":6}},"13":{"start":{"line":14,"column":0},"end":{"line":14,"column":45}},"14":{"start":{"line":15,"column":0},"end":{"line":15,"column":31}},"15":{"start":{"line":16,"column":0},"end":{"line":16,"column":31}},"16":{"start":{"line":17,"column":0},"end":{"line":17,"column":71}},"17":{"start":{"line":18,"column":0},"end":{"line":18,"column":8}},"18":{"start":{"line":19,"column":0},"end":{"line":19,"column":6}},"19":{"start":{"line":20,"column":0},"end":{"line":20,"column":4}},"20":{"start":{"line":21,"column":0},"end":{"line":21,"column":12}},"21":{"start":{"line":22,"column":0},"end":{"line":22,"column":32}},"22":{"start":{"line":23,"column":0},"end":{"line":23,"column":27}},"23":{"start":{"line":24,"column":0},"end":{"line":24,"column":20}},"24":{"start":{"line":25,"column":0},"end":{"line":25,"column":20}},"25":{"start":{"line":26,"column":0},"end":{"line":26,"column":30}},"26":{"start":{"line":27,"column":0},"end":{"line":27,"column":30}},"27":{"start":{"line":28,"column":0},"end":{"line":28,"column":23}},"28":{"start":{"line":29,"column":0},"end":{"line":29,"column":8}},"29":{"start":{"line":30,"column":0},"end":{"line":30,"column":44}},"30":{"start":{"line":31,"column":0},"end":{"line":31,"column":6}},"31":{"start":{"line":32,"column":0},"end":{"line":32,"column":0}},"32":{"start":{"line":33,"column":0},"end":{"line":33,"column":24}},"33":{"start":{"line":34,"column":0},"end":{"line":34,"column":80}},"34":{"start":{"line":35,"column":0},"end":{"line":35,"column":6}},"35":{"start":{"line":36,"column":0},"end":{"line":36,"column":0}},"36":{"start":{"line":37,"column":0},"end":{"line":37,"column":55}},"37":{"start":{"line":38,"column":0},"end":{"line":38,"column":21}},"38":{"start":{"line":39,"column":0},"end":{"line":39,"column":45}},"39":{"start":{"line":40,"column":0},"end":{"line":40,"column":80}},"40":{"start":{"line":41,"column":0},"end":{"line":41,"column":10}},"41":{"start":{"line":42,"column":0},"end":{"line":42,"column":6}},"42":{"start":{"line":43,"column":0},"end":{"line":43,"column":4}},"43":{"start":{"line":44,"column":0},"end":{"line":44,"column":3}}},"s":{"0":1,"1":1,"2":1,"3":1,"4":1,"5":1,"6":4,"7":4,"8":1,"9":1,"10":1,"11":0,"12":0,"13":1,"14":0,"15":0,"16":0,"17":0,"18":0,"19":1,"20":1,"21":1,"22":1,"23":1,"24":1,"25":1,"26":1,"27":1,"28":1,"29":1,"30":1,"31":1,"32":1,"33":0,"34":0,"35":1,"36":1,"37":0,"38":0,"39":0,"40":0,"41":0,"42":1,"43":1},"branchMap":{"0":{"type":"branch","line":6,"loc":{"start":{"line":6,"column":9},"end":{"line":8,"column":5}},"locations":[{"start":{"line":6,"column":9},"end":{"line":8,"column":5}}]},"1":{"type":"branch","line":22,"loc":{"start":{"line":22,"column":4},"end":{"line":31,"column":6}},"locations":[{"start":{"line":22,"column":4},"end":{"line":31,"column":6}}]},"2":{"type":"branch","line":44,"loc":{"start":{"line":44,"column":1},"end":{"line":44,"column":3}},"locations":[{"start":{"line":44,"column":1},"end":{"line":44,"column":3}}]}},"b":{"0":[4],"1":[1],"2":[3]},"fnMap":{"0":{"name":"state","decl":{"start":{"line":6,"column":9},"end":{"line":8,"column":5}},"loc":{"start":{"line":6,"column":9},"end":{"line":8,"column":5}},"line":6},"1":{"name":"getById","decl":{"start":{"line":11,"column":13},"end":{"line":13,"column":6}},"loc":{"start":{"line":11,"column":13},"end":{"line":13,"column":6}},"line":11},"2":{"name":"getOrderedTodos","decl":{"start":{"line":14,"column":21},"end":{"line":19,"column":6}},"loc":{"start":{"line":14,"column":21},"end":{"line":19,"column":6}},"line":14},"3":{"name":"add","decl":{"start":{"line":22,"column":4},"end":{"line":31,"column":6}},"loc":{"start":{"line":22,"column":4},"end":{"line":31,"column":6}},"line":22},"4":{"name":"remove","decl":{"start":{"line":33,"column":4},"end":{"line":35,"column":6}},"loc":{"start":{"line":33,"column":4},"end":{"line":35,"column":6}},"line":33},"5":{"name":"updateAppConfig","decl":{"start":{"line":37,"column":4},"end":{"line":42,"column":6}},"loc":{"start":{"line":37,"column":4},"end":{"line":42,"column":6}},"line":37},"6":{"name":"get","decl":{"start":{"line":44,"column":1},"end":{"line":44,"column":3}},"loc":{"start":{"line":44,"column":1},"end":{"line":44,"column":3}},"line":44}},"f":{"0":4,"1":0,"2":0,"3":1,"4":0,"5":0,"6":3}}
}
